{"/home/usuario/practicas/prct06-generics-solid-Juanes-TM/src/ejercicio-1/BasicGalacticCollection.ts": {"path":"/home/usuario/practicas/prct06-generics-solid-Juanes-TM/src/ejercicio-1/BasicGalacticCollection.ts","statementMap":{"0":{"start":{"line":13,"column":25},"end":{"line":13,"column":null}},"1":{"start":{"line":16,"column":4},"end":{"line":16,"column":null}},"2":{"start":{"line":24,"column":18},"end":{"line":24,"column":null}},"3":{"start":{"line":24,"column":47},"end":{"line":24,"column":72}},"4":{"start":{"line":25,"column":4},"end":{"line":25,"column":null}},"5":{"start":{"line":25,"column":22},"end":{"line":25,"column":null}},"6":{"start":{"line":29,"column":4},"end":{"line":29,"column":null}},"7":{"start":{"line":33,"column":4},"end":{"line":33,"column":null}},"8":{"start":{"line":41,"column":4},"end":{"line":43,"column":null}},"9":{"start":{"line":42,"column":6},"end":{"line":42,"column":null}},"10":{"start":{"line":47,"column":4},"end":{"line":49,"column":null}},"11":{"start":{"line":48,"column":6},"end":{"line":48,"column":null}},"12":{"start":{"line":53,"column":4},"end":{"line":55,"column":null}},"13":{"start":{"line":54,"column":6},"end":{"line":54,"column":null}},"14":{"start":{"line":63,"column":4},"end":{"line":65,"column":null}},"15":{"start":{"line":64,"column":6},"end":{"line":64,"column":null}}},"fnMap":{"0":{"name":"(anonymous_0)","decl":{"start":{"line":15,"column":2},"end":{"line":15,"column":6}},"loc":{"start":{"line":15,"column":23},"end":{"line":17,"column":null}},"line":15},"1":{"name":"(anonymous_1)","decl":{"start":{"line":23,"column":2},"end":{"line":23,"column":9}},"loc":{"start":{"line":23,"column":26},"end":{"line":26,"column":null}},"line":23},"2":{"name":"(anonymous_2)","decl":{"start":{"line":24,"column":39},"end":{"line":24,"column":47}},"loc":{"start":{"line":24,"column":47},"end":{"line":24,"column":72}},"line":24},"3":{"name":"(anonymous_3)","decl":{"start":{"line":28,"column":2},"end":{"line":28,"column":16}},"loc":{"start":{"line":28,"column":16},"end":{"line":30,"column":null}},"line":28},"4":{"name":"(anonymous_4)","decl":{"start":{"line":32,"column":2},"end":{"line":32,"column":17}},"loc":{"start":{"line":32,"column":17},"end":{"line":34,"column":null}},"line":32},"5":{"name":"(anonymous_5)","decl":{"start":{"line":40,"column":2},"end":{"line":40,"column":13}},"loc":{"start":{"line":40,"column":38},"end":{"line":44,"column":null}},"line":40},"6":{"name":"(anonymous_6)","decl":{"start":{"line":41,"column":29},"end":{"line":41,"column":30}},"loc":{"start":{"line":42,"column":6},"end":{"line":42,"column":null}},"line":42},"7":{"name":"(anonymous_7)","decl":{"start":{"line":46,"column":2},"end":{"line":46,"column":20}},"loc":{"start":{"line":46,"column":63},"end":{"line":50,"column":null}},"line":46},"8":{"name":"(anonymous_8)","decl":{"start":{"line":47,"column":29},"end":{"line":47,"column":30}},"loc":{"start":{"line":48,"column":6},"end":{"line":48,"column":null}},"line":48},"9":{"name":"(anonymous_9)","decl":{"start":{"line":52,"column":2},"end":{"line":52,"column":13}},"loc":{"start":{"line":52,"column":38},"end":{"line":56,"column":null}},"line":52},"10":{"name":"(anonymous_10)","decl":{"start":{"line":53,"column":29},"end":{"line":53,"column":30}},"loc":{"start":{"line":54,"column":6},"end":{"line":54,"column":null}},"line":54},"11":{"name":"(anonymous_11)","decl":{"start":{"line":62,"column":2},"end":{"line":62,"column":15}},"loc":{"start":{"line":62,"column":42},"end":{"line":66,"column":null}},"line":62},"12":{"name":"(anonymous_12)","decl":{"start":{"line":63,"column":29},"end":{"line":63,"column":30}},"loc":{"start":{"line":64,"column":6},"end":{"line":64,"column":null}},"line":64}},"branchMap":{"0":{"loc":{"start":{"line":25,"column":4},"end":{"line":25,"column":null}},"type":"if","locations":[{"start":{"line":25,"column":4},"end":{"line":25,"column":null}},{"start":{},"end":{}}],"line":25}},"s":{"0":19,"1":34,"2":1,"3":1,"4":1,"5":1,"6":3,"7":6,"8":6,"9":7,"10":5,"11":12,"12":1,"13":3,"14":2,"15":3},"f":{"0":34,"1":1,"2":1,"3":3,"4":6,"5":6,"6":7,"7":5,"8":12,"9":1,"10":3,"11":2,"12":3},"b":{"0":[1,0]},"meta":{"lastBranch":1,"lastFunction":13,"lastStatement":16,"seen":{"s:13:25:13:Infinity":0,"f:15:2:15:6":0,"s:16:4:16:Infinity":1,"f:23:2:23:9":1,"s:24:18:24:Infinity":2,"f:24:39:24:47":2,"s:24:47:24:72":3,"b:25:4:25:Infinity:undefined:undefined:undefined:undefined":0,"s:25:4:25:Infinity":4,"s:25:22:25:Infinity":5,"f:28:2:28:16":3,"s:29:4:29:Infinity":6,"f:32:2:32:17":4,"s:33:4:33:Infinity":7,"f:40:2:40:13":5,"s:41:4:43:Infinity":8,"f:41:29:41:30":6,"s:42:6:42:Infinity":9,"f:46:2:46:20":7,"s:47:4:49:Infinity":10,"f:47:29:47:30":8,"s:48:6:48:Infinity":11,"f:52:2:52:13":9,"s:53:4:55:Infinity":12,"f:53:29:53:30":10,"s:54:6:54:Infinity":13,"f:62:2:62:15":11,"s:63:4:65:Infinity":14,"f:63:29:63:30":12,"s:64:6:64:Infinity":15}}}
,"/home/usuario/practicas/prct06-generics-solid-Juanes-TM/src/ejercicio-1/HolocronCollection.ts": {"path":"/home/usuario/practicas/prct06-generics-solid-Juanes-TM/src/ejercicio-1/HolocronCollection.ts","statementMap":{"0":{"start":{"line":21,"column":4},"end":{"line":21,"column":null}},"1":{"start":{"line":21,"column":43},"end":{"line":21,"column":76}}},"fnMap":{"0":{"name":"(anonymous_0)","decl":{"start":{"line":20,"column":2},"end":{"line":20,"column":14}},"loc":{"start":{"line":20,"column":48},"end":{"line":22,"column":null}},"line":20},"1":{"name":"(anonymous_1)","decl":{"start":{"line":21,"column":29},"end":{"line":21,"column":30}},"loc":{"start":{"line":21,"column":43},"end":{"line":21,"column":76}},"line":21}},"branchMap":{},"s":{"0":4,"1":10},"f":{"0":4,"1":10},"b":{},"meta":{"lastBranch":0,"lastFunction":2,"lastStatement":2,"seen":{"f:20:2:20:14":0,"s:21:4:21:Infinity":0,"f:21:29:21:30":1,"s:21:43:21:76":1}}}
,"/home/usuario/practicas/prct06-generics-solid-Juanes-TM/src/ejercicio-1/JediMasterCollection.ts": {"path":"/home/usuario/practicas/prct06-generics-solid-Juanes-TM/src/ejercicio-1/JediMasterCollection.ts","statementMap":{"0":{"start":{"line":22,"column":4},"end":{"line":22,"column":null}},"1":{"start":{"line":22,"column":39},"end":{"line":22,"column":58}}},"fnMap":{"0":{"name":"(anonymous_0)","decl":{"start":{"line":21,"column":2},"end":{"line":21,"column":14}},"loc":{"start":{"line":21,"column":39},"end":{"line":23,"column":null}},"line":21},"1":{"name":"(anonymous_1)","decl":{"start":{"line":22,"column":29},"end":{"line":22,"column":30}},"loc":{"start":{"line":22,"column":39},"end":{"line":22,"column":58}},"line":22}},"branchMap":{},"s":{"0":3,"1":9},"f":{"0":3,"1":9},"b":{},"meta":{"lastBranch":0,"lastFunction":2,"lastStatement":2,"seen":{"f:21:2:21:14":0,"s:22:4:22:Infinity":0,"f:22:29:22:30":1,"s:22:39:22:58":1}}}
,"/home/usuario/practicas/prct06-generics-solid-Juanes-TM/src/ejercicio-1/StarshipCollection.ts": {"path":"/home/usuario/practicas/prct06-generics-solid-Juanes-TM/src/ejercicio-1/StarshipCollection.ts","statementMap":{"0":{"start":{"line":21,"column":4},"end":{"line":21,"column":null}},"1":{"start":{"line":21,"column":39},"end":{"line":21,"column":67}}},"fnMap":{"0":{"name":"(anonymous_0)","decl":{"start":{"line":20,"column":2},"end":{"line":20,"column":14}},"loc":{"start":{"line":20,"column":48},"end":{"line":22,"column":null}},"line":20},"1":{"name":"(anonymous_1)","decl":{"start":{"line":21,"column":29},"end":{"line":21,"column":30}},"loc":{"start":{"line":21,"column":39},"end":{"line":21,"column":67}},"line":21}},"branchMap":{},"s":{"0":3,"1":9},"f":{"0":3,"1":9},"b":{},"meta":{"lastBranch":0,"lastFunction":2,"lastStatement":2,"seen":{"f:20:2:20:14":0,"s:21:4:21:Infinity":0,"f:21:29:21:30":1,"s:21:39:21:67":1}}}
,"/home/usuario/practicas/prct06-generics-solid-Juanes-TM/src/ejercicio-3/FormasGeometricas.ts": {"path":"/home/usuario/practicas/prct06-generics-solid-Juanes-TM/src/ejercicio-3/FormasGeometricas.ts","statementMap":{"0":{"start":{"line":55,"column":22},"end":{"line":55,"column":38}},"1":{"start":{"line":62,"column":4},"end":{"line":62,"column":null}},"2":{"start":{"line":80,"column":22},"end":{"line":80,"column":45}},"3":{"start":{"line":80,"column":45},"end":{"line":80,"column":61}},"4":{"start":{"line":87,"column":4},"end":{"line":87,"column":null}},"5":{"start":{"line":105,"column":22},"end":{"line":105,"column":44}},"6":{"start":{"line":105,"column":44},"end":{"line":105,"column":60}},"7":{"start":{"line":112,"column":4},"end":{"line":112,"column":null}},"8":{"start":{"line":137,"column":4},"end":{"line":137,"column":null}}},"fnMap":{"0":{"name":"(anonymous_0)","decl":{"start":{"line":55,"column":2},"end":{"line":55,"column":22}},"loc":{"start":{"line":55,"column":38},"end":{"line":55,"column":null}},"line":55},"1":{"name":"(anonymous_1)","decl":{"start":{"line":61,"column":2},"end":{"line":61,"column":17}},"loc":{"start":{"line":61,"column":17},"end":{"line":63,"column":null}},"line":61},"2":{"name":"(anonymous_2)","decl":{"start":{"line":80,"column":2},"end":{"line":80,"column":22}},"loc":{"start":{"line":80,"column":61},"end":{"line":80,"column":null}},"line":80},"3":{"name":"(anonymous_3)","decl":{"start":{"line":86,"column":2},"end":{"line":86,"column":17}},"loc":{"start":{"line":86,"column":17},"end":{"line":88,"column":null}},"line":86},"4":{"name":"(anonymous_4)","decl":{"start":{"line":105,"column":2},"end":{"line":105,"column":22}},"loc":{"start":{"line":105,"column":60},"end":{"line":105,"column":null}},"line":105},"5":{"name":"(anonymous_5)","decl":{"start":{"line":111,"column":2},"end":{"line":111,"column":17}},"loc":{"start":{"line":111,"column":17},"end":{"line":113,"column":null}},"line":111},"6":{"name":"(anonymous_6)","decl":{"start":{"line":136,"column":2},"end":{"line":136,"column":7}},"loc":{"start":{"line":136,"column":29},"end":{"line":138,"column":null}},"line":136}},"branchMap":{},"s":{"0":8,"1":6,"2":9,"3":9,"4":7,"5":9,"6":9,"7":7,"8":7},"f":{"0":8,"1":6,"2":9,"3":7,"4":9,"5":7,"6":7},"b":{},"meta":{"lastBranch":0,"lastFunction":7,"lastStatement":9,"seen":{"f:55:2:55:22":0,"s:55:22:55:38":0,"f:61:2:61:17":1,"s:62:4:62:Infinity":1,"f:80:2:80:22":2,"s:80:22:80:45":2,"s:80:45:80:61":3,"f:86:2:86:17":3,"s:87:4:87:Infinity":4,"f:105:2:105:22":4,"s:105:22:105:44":5,"s:105:44:105:60":6,"f:111:2:111:17":5,"s:112:4:112:Infinity":7,"f:136:2:136:7":6,"s:137:4:137:Infinity":8}}}
,"/home/usuario/practicas/prct06-generics-solid-Juanes-TM/src/ejercicio-4/MaterialOficina.ts": {"path":"/home/usuario/practicas/prct06-generics-solid-Juanes-TM/src/ejercicio-4/MaterialOficina.ts","statementMap":{"0":{"start":{"line":56,"column":4},"end":{"line":56,"column":null}},"1":{"start":{"line":65,"column":4},"end":{"line":65,"column":null}},"2":{"start":{"line":74,"column":4},"end":{"line":74,"column":null}},"3":{"start":{"line":85,"column":2},"end":{"line":85,"column":null}}},"fnMap":{"0":{"name":"(anonymous_0)","decl":{"start":{"line":55,"column":2},"end":{"line":55,"column":8}},"loc":{"start":{"line":55,"column":27},"end":{"line":57,"column":null}},"line":55},"1":{"name":"(anonymous_1)","decl":{"start":{"line":64,"column":2},"end":{"line":64,"column":7}},"loc":{"start":{"line":64,"column":28},"end":{"line":66,"column":null}},"line":64},"2":{"name":"(anonymous_2)","decl":{"start":{"line":73,"column":2},"end":{"line":73,"column":6}},"loc":{"start":{"line":73,"column":25},"end":{"line":75,"column":null}},"line":73},"3":{"name":"sendFax","decl":{"start":{"line":84,"column":16},"end":{"line":84,"column":24}},"loc":{"start":{"line":84,"column":58},"end":{"line":86,"column":null}},"line":84}},"branchMap":{},"s":{"0":1,"1":1,"2":3,"3":3},"f":{"0":1,"1":1,"2":3,"3":3},"b":{},"meta":{"lastBranch":0,"lastFunction":4,"lastStatement":4,"seen":{"f:55:2:55:8":0,"s:56:4:56:Infinity":0,"f:64:2:64:7":1,"s:65:4:65:Infinity":1,"f:73:2:73:6":2,"s:74:4:74:Infinity":2,"f:84:16:84:24":3,"s:85:2:85:Infinity":3}}}
}
